<?xml version="1.0" encoding="UTF-8"?>
<!-- Generated by org.testng.reporters.JUnitXMLReporter -->
<testsuite ignored="0" hostname="mayurlap" failures="0" tests="7" name="Test" time="235.167" errors="0" timestamp="20 Aug 2021 07:06:45 GMT">
  <testcase classname="com.test.MyProfilePageTest" name="myProfilePageTestCase1" time="35.808"/>
  <testcase classname="com.test.MyProfilePageTest" name="myProfilePageTestCase2" time="39.193"/>
  <testcase classname="com.test.MyProfilePageTest" name="myProfilePageTestCase3" time="27.45"/>
  <testcase classname="com.test.MyProfilePageTest" name="myProfilePageTestCase4" time="21.131"/>
  <testcase classname="com.test.MyProfilePageTest" name="myProfilePageTestCase5" time="21.163"/>
  <testcase classname="com.test.MyProfilePageTest" name="myProfilePageTestCase6" time="20.623"/>
  <testcase classname="com.test.MyProfilePageTest" name="myProfilePageTestCase7" time="15.844"/>
</testsuite> <!-- Test -->
