<?xml version="1.0" encoding="UTF-8"?>
<!-- Generated by org.testng.reporters.JUnitXMLReporter -->
<testsuite ignored="0" hostname="mayurlap" failures="0" tests="7" name="Test" time="224.728" errors="0" timestamp="19 Aug 2021 00:50:09 GMT">
  <testcase classname="com.test.MyProfilePageTest" name="myProfilePageTestCase1" time="35.058"/>
  <testcase classname="com.test.MyProfilePageTest" name="myProfilePageTestCase2" time="34.92"/>
  <testcase classname="com.test.MyProfilePageTest" name="myProfilePageTestCase3" time="26.914"/>
  <testcase classname="com.test.MyProfilePageTest" name="myProfilePageTestCase4" time="19.956"/>
  <testcase classname="com.test.MyProfilePageTest" name="myProfilePageTestCase5" time="17.851"/>
  <testcase classname="com.test.MyProfilePageTest" name="myProfilePageTestCase6" time="20.542"/>
  <testcase classname="com.test.MyProfilePageTest" name="myProfilePageTestCase7" time="16.16"/>
</testsuite> <!-- Test -->
